<?xml version="1.0" encoding="UTF-8" ?>
<testsuites disabled="0" errors="0" failures="1" tests="2" time="7.753">
 <testsuite name="Demo calculator test" timestamp="2021-02-01T16:52:25" hostname="localhost" time="7.753" errors="0" tests="2" skipped="0" disabled="0" failures="1">
  <testcase classname="Demo calculator test" name="addition test" time="4.851" />
  <testcase classname="Demo calculator test" name="subtraction test" time="2.896">
   <failure type="exception" message="Failed: No element found using locator: by.cssContainingText(&quot;.ng-binding&quot;, &quot;9&quot;)"><![CDATA[NoSuchElementError: No element found using locator: by.cssContainingText(".ng-binding", "9")
    at C:\Program Files\nodejs\node_modules\protractor\built\element.js:814:27
    at ManagedPromise.invokeCallback_ (C:\Program Files\nodejs\node_modules\protractor\node_modules\selenium-webdriver\lib\promise.js:1376:14)
    at TaskQueue.execute_ (C:\Program Files\nodejs\node_modules\protractor\node_modules\selenium-webdriver\lib\promise.js:3084:14)
    at TaskQueue.executeNext_ (C:\Program Files\nodejs\node_modules\protractor\node_modules\selenium-webdriver\lib\promise.js:3067:27)
    at C:\Program Files\nodejs\node_modules\protractor\node_modules\selenium-webdriver\lib\promise.js:2927:27
    at C:\Program Files\nodejs\node_modules\protractor\node_modules\selenium-webdriver\lib\promise.js:668:7
    at processTicksAndRejections (internal/process/task_queues.js:97:5)Error
    at ElementArrayFinder.applyAction_ (C:\Program Files\nodejs\node_modules\protractor\built\element.js:459:27)
    at ElementArrayFinder.<computed> [as getText] (C:\Program Files\nodejs\node_modules\protractor\built\element.js:91:29)
    at ElementFinder.<computed> [as getText] (C:\Program Files\nodejs\node_modules\protractor\built\element.js:831:22)
    at homepage.verifyResult (C:\Users\10063710\OneDrive - Dover Corporation\Desktop\Projects\pages\homepage.js:28:23)
    at UserContext.<anonymous> (C:\Users\10063710\OneDrive - Dover Corporation\Desktop\Projects\tests\calculator.js:26:18)
    at C:\Program Files\nodejs\node_modules\protractor\node_modules\jasminewd2\index.js:112:25
    at new ManagedPromise (C:\Program Files\nodejs\node_modules\protractor\node_modules\selenium-webdriver\lib\promise.js:1077:7)
    at ControlFlow.promise (C:\Program Files\nodejs\node_modules\protractor\node_modules\selenium-webdriver\lib\promise.js:2505:12)
    at schedulerExecute (C:\Program Files\nodejs\node_modules\protractor\node_modules\jasminewd2\index.js:95:18)
    at TaskQueue.execute_ (C:\Program Files\nodejs\node_modules\protractor\node_modules\selenium-webdriver\lib\promise.js:3084:14)
From: Task: Run it("subtraction test") in control flow
    at UserContext.<anonymous> (C:\Program Files\nodejs\node_modules\protractor\node_modules\jasminewd2\index.js:94:19)
    at attempt (C:\Program Files\nodejs\node_modules\protractor\node_modules\jasmine-core\lib\jasmine-core\jasmine.js:4297:26)
    at QueueRunner.run (C:\Program Files\nodejs\node_modules\protractor\node_modules\jasmine-core\lib\jasmine-core\jasmine.js:4217:20)
    at QueueRunner.execute (C:\Program Files\nodejs\node_modules\protractor\node_modules\jasmine-core\lib\jasmine-core\jasmine.js:4199:10)
    at Spec.queueRunnerFactory (C:\Program Files\nodejs\node_modules\protractor\node_modules\jasmine-core\lib\jasmine-core\jasmine.js:909:35)
    at Spec.execute (C:\Program Files\nodejs\node_modules\protractor\node_modules\jasmine-core\lib\jasmine-core\jasmine.js:526:10)
    at UserContext.fn (C:\Program Files\nodejs\node_modules\protractor\node_modules\jasmine-core\lib\jasmine-core\jasmine.js:5340:37)
    at attempt (C:\Program Files\nodejs\node_modules\protractor\node_modules\jasmine-core\lib\jasmine-core\jasmine.js:4297:26)
    at QueueRunner.run (C:\Program Files\nodejs\node_modules\protractor\node_modules\jasmine-core\lib\jasmine-core\jasmine.js:4217:20)
    at runNext (C:\Program Files\nodejs\node_modules\protractor\node_modules\jasmine-core\lib\jasmine-core\jasmine.js:4257:20)
From asynchronous test: 
Error
    at Suite.<anonymous> (C:\Users\10063710\OneDrive - Dover Corporation\Desktop\Projects\tests\calculator.js:20:5)
    at addSpecsToSuite (C:\Program Files\nodejs\node_modules\protractor\node_modules\jasmine-core\lib\jasmine-core\jasmine.js:1107:25)
    at Env.describe (C:\Program Files\nodejs\node_modules\protractor\node_modules\jasmine-core\lib\jasmine-core\jasmine.js:1074:7)
    at describe (C:\Program Files\nodejs\node_modules\protractor\node_modules\jasmine-core\lib\jasmine-core\jasmine.js:4399:18)
    at Object.<anonymous> (C:\Users\10063710\OneDrive - Dover Corporation\Desktop\Projects\tests\calculator.js:4:1)
    at Module._compile (internal/modules/cjs/loader.js:999:30)
    at Object.Module._extensions..js (internal/modules/cjs/loader.js:1027:10)
    at Module.load (internal/modules/cjs/loader.js:863:32)
    at Function.Module._load (internal/modules/cjs/loader.js:708:14)]]>
   </failure>
  </testcase>
 </testsuite>
</testsuites>